2025-09-21 07:57:06 Loading main app package /usr/lib/obsidian/obsidian.asar
2025-09-21 07:57:06 Checking for update using Github
2025-09-21 07:57:08 Success.
2025-09-21 07:57:08 Latest version is 1.9.12
2025-09-21 07:57:08 App is up to date.
2025-09-21 10:06:04 Loading main app package /usr/lib/obsidian/obsidian.asar
2025-09-21 10:06:05 Checking for update using Github
2025-09-21 10:06:06 Success.
2025-09-21 10:06:06 Latest version is 1.9.12
2025-09-21 10:06:06 App is up to date.
2025-09-21 10:21:14 Loading main app package /usr/lib/obsidian/obsidian.asar
2025-09-21 10:21:14 Checking for update using Github
2025-09-21 10:21:16 Success.
2025-09-21 10:21:16 Latest version is 1.9.12
2025-09-21 10:21:16 App is up to date.
2025-10-07 14:16:10 Loading main app package /usr/lib/obsidian/obsidian.asar
2025-10-07 14:16:10 Checking for update using Github
2025-10-07 14:16:12 Success.
2025-10-07 14:16:12 Latest version is 1.9.14
2025-10-07 14:16:12 Downloading update from https://github.com/obsidianmd/obsidian-releases/releases/download/v1.9.14/obsidian-1.9.14.asar.gz
2025-10-07 14:30:08 Loading main app package /usr/lib/obsidian/obsidian.asar
2025-10-07 14:30:08 Checking for update using Github
2025-10-07 14:30:09 Success.
2025-10-07 14:30:09 Latest version is 1.9.14
2025-10-07 14:30:09 App is up to date.
2025-10-07 16:22:20 Loading main app package /usr/lib/obsidian/obsidian.asar
2025-10-07 16:22:21 Checking for update using Github
2025-10-07 16:22:22 Success.
2025-10-07 16:22:22 Latest version is 1.9.14
2025-10-07 16:22:22 App is up to date.
2025-10-16 04:51:28 Loading main app package /usr/lib/obsidian/obsidian.asar
2025-10-16 04:51:28 Checking for update using Github
2025-10-16 04:51:29 Success.
2025-10-16 04:51:29 Latest version is 1.9.14
2025-10-16 04:51:29 App is up to date.
2025-10-21 19:53:23 Loading main app package /usr/lib/obsidian/obsidian.asar
2025-10-21 19:53:24 Checking for update using Github
2025-10-21 19:53:24 Success.
2025-10-21 19:53:24 Latest version is 1.9.14
2025-10-21 19:53:24 App is up to date.
2025-10-21 20:54:08 Loading main app package /usr/lib/obsidian/obsidian.asar
2025-10-21 20:54:09 Checking for update using Github
2025-10-21 20:54:09 Success.
2025-10-21 20:54:09 Latest version is 1.9.14
2025-10-21 20:54:09 App is up to date.
2025-10-21 21:44:41 Loading main app package /usr/lib/obsidian/obsidian.asar
2025-10-21 21:44:42 Checking for update using Github
2025-10-21 21:44:42 Success.
2025-10-21 21:44:42 Latest version is 1.9.14
2025-10-21 21:44:42 App is up to date.
2025-10-23 17:55:12 Loading main app package /usr/lib/obsidian/obsidian.asar
2025-10-23 17:55:12 Checking for update using Github
2025-10-23 17:55:13 Success.
2025-10-23 17:55:13 Latest version is 1.9.14
2025-10-23 17:55:13 App is up to date.
2025-10-29 08:43:49 Loading main app package /usr/lib/obsidian/obsidian.asar
2025-10-29 08:43:49 Checking for update using Github
2025-10-29 08:43:50 Success.
2025-10-29 08:43:50 Latest version is 1.9.14
2025-10-29 08:43:50 App is up to date.